Testsuite: org.supercsv.cellprocessor.FmtNumberTest
Tests run: 6, Failures: 1, Errors: 1, Time elapsed: 0.014 sec

Testcase: testChaining took 0.006 sec
	Caused an ERROR
expected '12,34' got '12.34'
java.lang.RuntimeException: expected '12,34' got '12.34'
	at org.supercsv.mock.ComparerCellProcessor.execute(Unknown Source)
	at org.supercsv.cellprocessor.FmtNumber.execute(Unknown Source)
	at org.supercsv.cellprocessor.FmtNumberTest.testChaining(Unknown Source)

Testcase: testEmptyInput took 0 sec
Testcase: testInvalidInput took 0 sec
Testcase: test_null_Input took 0 sec
Testcase: validInputTest took 0.003 sec
	FAILED
round up expected:<12[,]34> but was:<12[.]34>
junit.framework.AssertionFailedError: round up expected:<12[,]34> but was:<12[.]34>
	at org.supercsv.cellprocessor.FmtNumberTest.validInputTest(Unknown Source)

Testcase: invalidZeroPad took 0.001 sec
